{
  "RSpec": {
    "coverage": {
      "/Users/student/Documents/my_projects/w_4/bookmark-manager-1/spec/bookmark_spec.rb": [
        1,
        null,
        1,
        1,
        1,
        1,
        null,
        null,
        1,
        1,
        1,
        null,
        1,
        0,
        0,
        0,
        null,
        null,
        null
      ],
      "/Users/student/Documents/my_projects/w_4/bookmark-manager-1/spec/features/add_bookmark_spec.rb": [
        1,
        1,
        1,
        1,
        0,
        0,
        null,
        null
      ],
      "/Users/student/Documents/my_projects/w_4/bookmark-manager-1/spec/features/viewing_bookmarks_spec.rb": [
        1,
        1,
        1,
        1,
        null,
        null,
        null,
        1,
        1,
        1,
        null,
        null,
        1,
        1,
        1,
        null,
        1,
        null,
        1,
        1,
        1,
        null,
        null
      ]
    },
    "timestamp": 1551282967
  }
}
